This is pdfTeX, Version 3.141592653-2.6-1.40.24 (MiKTeX 22.1) (preloaded format=pdflatex 2023.5.19)  19 MAY 2023 19:47
entering extended mode
 restricted \write18 enabled.
 %&-line parsing enabled.
**./Template.tex
(Template.tex
LaTeX2e <2022-11-01> patch level 1
L3 programming layer <2023-02-07>
(/Users/yurig/Library/Application Support/MiKTeX/texmfs/install/tex/latex/base/
report.cls
Document Class: report 2022/07/02 v1.4n Standard LaTeX document class

(/Users/yurig/Library/Application Support/MiKTeX/texmfs/install/tex/latex/base/
size11.clo
File: size11.clo 2022/07/02 v1.4n Standard LaTeX file (size option)
)
\c@part=\count185
\c@chapter=\count186
\c@section=\count187
\c@subsection=\count188
\c@subsubsection=\count189
\c@paragraph=\count190
\c@subparagraph=\count191
\c@figure=\count192
\c@table=\count193
\abovecaptionskip=\skip48
\belowcaptionskip=\skip49
\bibindent=\dimen140
)
(/Users/yurig/Library/Application Support/MiKTeX/texmfs/install/tex/latex/blind
text/blindtext.sty
Package: blindtext 2012/01/06 V2.0 blindtext-Package

(/Users/yurig/Library/Application Support/MiKTeX/texmfs/install/tex/latex/tools
/xspace.sty
Package: xspace 2014/10/28 v1.13 Space after command names (DPC,MH)
)
\c@blindtext=\count194
\c@Blindtext=\count195
\c@blind@countparstart=\count196
\blind@countxx=\count197
\blindtext@numBlindtext=\count198
\blind@countyy=\count199
\c@blindlist=\count266
\c@blindlistlevel=\count267
\c@blindlist@level=\count268
\blind@listitem=\count269
\c@blind@listcount=\count270
\c@blind@levelcount=\count271
\blind@mathformula=\count272
\blind@Mathformula=\count273
\c@blind@randomcount=\count274
\c@blind@randommax=\count275
\c@blind@pangramcount=\count276
\c@blind@pangrammax=\count277
)
(/Users/yurig/Library/Application Support/MiKTeX/texmfs/install/tex/latex/base/
fontenc.sty
Package: fontenc 2021/04/29 v2.0v Standard LaTeX package
)
(/Users/yurig/Library/Application Support/MiKTeX/texmfs/install/tex/latex/base/
inputenc.sty
Package: inputenc 2021/02/14 v1.3d Input encoding file
\inpenc@prehook=\toks16
\inpenc@posthook=\toks17
)
(/Users/yurig/Library/Application Support/MiKTeX/texmfs/install/tex/latex/title
sec/titlesec.sty
Package: titlesec 2021/07/05 v2.14 Sectioning titles
\ttl@box=\box51
\beforetitleunit=\skip50
\aftertitleunit=\skip51
\ttl@plus=\dimen141
\ttl@minus=\dimen142
\ttl@toksa=\toks18
\titlewidth=\dimen143
\titlewidthlast=\dimen144
\titlewidthfirst=\dimen145
)
(/Users/yurig/Library/Application Support/MiKTeX/texmfs/install/tex/latex/fancy
hdr/fancyhdr.sty
Package: fancyhdr 2022/11/09 v4.1 Extensive control of page headers and footers

\f@nch@headwidth=\skip52
\f@nch@O@elh=\skip53
\f@nch@O@erh=\skip54
\f@nch@O@olh=\skip55
\f@nch@O@orh=\skip56
\f@nch@O@elf=\skip57
\f@nch@O@erf=\skip58
\f@nch@O@olf=\skip59
\f@nch@O@orf=\skip60
)
(/Users/yurig/Library/Application Support/MiKTeX/texmfs/install/tex/latex/geome
try/geometry.sty
Package: geometry 2020/01/02 v5.9 Page Geometry

(/Users/yurig/Library/Application Support/MiKTeX/texmfs/install/tex/latex/graph
ics/keyval.sty
Package: keyval 2022/05/29 v1.15 key=value parser (DPC)
\KV@toks@=\toks19
)
(/Users/yurig/Library/Application Support/MiKTeX/texmfs/install/tex/generic/ift
ex/ifvtex.sty
Package: ifvtex 2019/10/25 v1.7 ifvtex legacy package. Use iftex instead.

(/Users/yurig/Library/Application Support/MiKTeX/texmfs/install/tex/generic/ift
ex/iftex.sty
Package: iftex 2022/02/03 v1.0f TeX engine tests
))
\Gm@cnth=\count278
\Gm@cntv=\count279
\c@Gm@tempcnt=\count280
\Gm@bindingoffset=\dimen146
\Gm@wd@mp=\dimen147
\Gm@odd@mp=\dimen148
\Gm@even@mp=\dimen149
\Gm@layoutwidth=\dimen150
\Gm@layoutheight=\dimen151
\Gm@layouthoffset=\dimen152
\Gm@layoutvoffset=\dimen153
\Gm@dimlist=\toks20

(/Users/yurig/Library/Application Support/MiKTeX/texmfs/install/tex/latex/geome
try/geometry.cfg))
(/Users/yurig/Library/Application Support/MiKTeX/texmfs/install/tex/latex/base/
fix-cm.sty
Package: fix-cm 2020/11/24 v1.1t fixes to LaTeX

(/Users/yurig/Library/Application Support/MiKTeX/texmfs/install/tex/latex/base/
ts1enc.def
File: ts1enc.def 2001/06/05 v3.0e (jk/car/fm) Standard LaTeX file
LaTeX Font Info:    Redeclaring font encoding TS1 on input line 47.
))
(/Users/yurig/Library/Application Support/MiKTeX/texmfs/install/tex/latex/hyper
ref/hyperref.sty
Package: hyperref 2023-02-07 v7.00v Hypertext links for LaTeX

(/Users/yurig/Library/Application Support/MiKTeX/texmfs/install/tex/generic/ltx
cmds/ltxcmds.sty
Package: ltxcmds 2020-05-10 v1.25 LaTeX kernel commands for general use (HO)
)
(/Users/yurig/Library/Application Support/MiKTeX/texmfs/install/tex/generic/pdf
texcmds/pdftexcmds.sty
Package: pdftexcmds 2020-06-27 v0.33 Utility functions of pdfTeX for LuaTeX (HO
)

(/Users/yurig/Library/Application Support/MiKTeX/texmfs/install/tex/generic/inf
warerr/infwarerr.sty
Package: infwarerr 2019/12/03 v1.5 Providing info/warning/error messages (HO)
)
Package pdftexcmds Info: \pdf@primitive is available.
Package pdftexcmds Info: \pdf@ifprimitive is available.
Package pdftexcmds Info: \pdfdraftmode found.
)
(/Users/yurig/Library/Application Support/MiKTeX/texmfs/install/tex/latex/kvset
keys/kvsetkeys.sty
Package: kvsetkeys 2022-10-05 v1.19 Key value parser (HO)
)
(/Users/yurig/Library/Application Support/MiKTeX/texmfs/install/tex/generic/kvd
efinekeys/kvdefinekeys.sty
Package: kvdefinekeys 2019-12-19 v1.6 Define keys (HO)
)
(/Users/yurig/Library/Application Support/MiKTeX/texmfs/install/tex/generic/pdf
escape/pdfescape.sty
Package: pdfescape 2019/12/09 v1.15 Implements pdfTeX's escape features (HO)
)
(/Users/yurig/Library/Application Support/MiKTeX/texmfs/install/tex/latex/hycol
or/hycolor.sty
Package: hycolor 2020-01-27 v1.10 Color options for hyperref/bookmark (HO)
)
(/Users/yurig/Library/Application Support/MiKTeX/texmfs/install/tex/latex/letlt
xmacro/letltxmacro.sty
Package: letltxmacro 2019/12/03 v1.6 Let assignment for LaTeX macros (HO)
)
(/Users/yurig/Library/Application Support/MiKTeX/texmfs/install/tex/latex/auxho
ok/auxhook.sty
Package: auxhook 2019-12-17 v1.6 Hooks for auxiliary files (HO)
)
(/Users/yurig/Library/Application Support/MiKTeX/texmfs/install/tex/latex/hyper
ref/nameref.sty
Package: nameref 2022-05-17 v2.50 Cross-referencing by name of section

(/Users/yurig/Library/Application Support/MiKTeX/texmfs/install/tex/latex/refco
unt/refcount.sty
Package: refcount 2019/12/15 v3.6 Data extraction from label references (HO)
)
(/Users/yurig/Library/Application Support/MiKTeX/texmfs/install/tex/generic/get
titlestring/gettitlestring.sty
Package: gettitlestring 2019/12/15 v1.6 Cleanup title references (HO)

(/Users/yurig/Library/Application Support/MiKTeX/texmfs/install/tex/latex/kvopt
ions/kvoptions.sty
Package: kvoptions 2022-06-15 v3.15 Key value format for package options (HO)
))
\c@section@level=\count281
)
\@linkdim=\dimen154
\Hy@linkcounter=\count282
\Hy@pagecounter=\count283

(/Users/yurig/Library/Application Support/MiKTeX/texmfs/install/tex/latex/hyper
ref/pd1enc.def
File: pd1enc.def 2023-02-07 v7.00v Hyperref: PDFDocEncoding definition (HO)
Now handling font encoding PD1 ...
... no UTF-8 mapping file for font encoding PD1
)
(/Users/yurig/Library/Application Support/MiKTeX/texmfs/install/tex/generic/int
calc/intcalc.sty
Package: intcalc 2019/12/15 v1.3 Expandable calculations with integers (HO)
)
(/Users/yurig/Library/Application Support/MiKTeX/texmfs/install/tex/generic/ete
xcmds/etexcmds.sty
Package: etexcmds 2019/12/15 v1.7 Avoid name clashes with e-TeX commands (HO)
)
\Hy@SavedSpaceFactor=\count284

(/Users/yurig/Library/Application Support/MiKTeX/texmfs/install/tex/latex/hyper
ref/puenc.def
File: puenc.def 2023-02-07 v7.00v Hyperref: PDF Unicode definition (HO)
Now handling font encoding PU ...
... no UTF-8 mapping file for font encoding PU
)
Package hyperref Info: Hyper figures OFF on input line 4177.
Package hyperref Info: Link nesting OFF on input line 4182.
Package hyperref Info: Hyper index ON on input line 4185.
Package hyperref Info: Plain pages OFF on input line 4192.
Package hyperref Info: Backreferencing OFF on input line 4197.
Package hyperref Info: Implicit mode ON; LaTeX internals redefined.
Package hyperref Info: Bookmarks ON on input line 4425.
\c@Hy@tempcnt=\count285

(/Users/yurig/Library/Application Support/MiKTeX/texmfs/install/tex/latex/url/u
rl.sty
\Urlmuskip=\muskip16
Package: url 2013/09/16  ver 3.4  Verb mode for urls, etc.
)
LaTeX Info: Redefining \url on input line 4763.
\XeTeXLinkMargin=\dimen155

(/Users/yurig/Library/Application Support/MiKTeX/texmfs/install/tex/generic/bit
set/bitset.sty
Package: bitset 2019/12/09 v1.3 Handle bit-vector datatype (HO)

(/Users/yurig/Library/Application Support/MiKTeX/texmfs/install/tex/generic/big
intcalc/bigintcalc.sty
Package: bigintcalc 2019/12/15 v1.5 Expandable calculations on big integers (HO
)
))
\Fld@menulength=\count286
\Field@Width=\dimen156
\Fld@charsize=\dimen157
Package hyperref Info: Hyper figures OFF on input line 6042.
Package hyperref Info: Link nesting OFF on input line 6047.
Package hyperref Info: Hyper index ON on input line 6050.
Package hyperref Info: backreferencing OFF on input line 6057.
Package hyperref Info: Link coloring OFF on input line 6062.
Package hyperref Info: Link coloring with OCG OFF on input line 6067.
Package hyperref Info: PDF/A mode OFF on input line 6072.

(/Users/yurig/Library/Application Support/MiKTeX/texmfs/install/tex/latex/base/
atbegshi-ltx.sty
Package: atbegshi-ltx 2021/01/10 v1.0c Emulation of the original atbegshi
package with kernel methods
)
\Hy@abspage=\count287
\c@Item=\count288
\c@Hfootnote=\count289
)
Package hyperref Info: Driver (autodetected): hpdftex.

(/Users/yurig/Library/Application Support/MiKTeX/texmfs/install/tex/latex/hyper
ref/hpdftex.def
File: hpdftex.def 2023-02-07 v7.00v Hyperref driver for pdfTeX

(/Users/yurig/Library/Application Support/MiKTeX/texmfs/install/tex/latex/base/
atveryend-ltx.sty
Package: atveryend-ltx 2020/08/19 v1.0a Emulation of the original atveryend pac
kage
with kernel methods
)
\Fld@listcount=\count290
\c@bookmark@seq@number=\count291

(/Users/yurig/Library/Application Support/MiKTeX/texmfs/install/tex/latex/rerun
filecheck/rerunfilecheck.sty
Package: rerunfilecheck 2022-07-10 v1.10 Rerun checks for auxiliary files (HO)

(/Users/yurig/Library/Application Support/MiKTeX/texmfs/install/tex/generic/uni
quecounter/uniquecounter.sty
Package: uniquecounter 2019/12/15 v1.4 Provide unlimited unique counter (HO)
)
Package uniquecounter Info: New unique counter `rerunfilecheck' on input line 2
85.
)
\Hy@SectionHShift=\skip61
)
(/Users/yurig/Library/Application Support/MiKTeX/texmfs/install/tex/latex/graph
ics/graphicx.sty
Package: graphicx 2021/09/16 v1.2d Enhanced LaTeX Graphics (DPC,SPQR)

(/Users/yurig/Library/Application Support/MiKTeX/texmfs/install/tex/latex/graph
ics/graphics.sty
Package: graphics 2022/03/10 v1.4e Standard LaTeX Graphics (DPC,SPQR)

(/Users/yurig/Library/Application Support/MiKTeX/texmfs/install/tex/latex/graph
ics/trig.sty
Package: trig 2021/08/11 v1.11 sin cos tan (DPC)
)
(/Users/yurig/Library/Application Support/MiKTeX/texmfs/install/tex/latex/graph
ics-cfg/graphics.cfg
File: graphics.cfg 2016/06/04 v1.11 sample graphics configuration
)
Package graphics Info: Driver file: pdftex.def on input line 107.

(/Users/yurig/Library/Application Support/MiKTeX/texmfs/install/tex/latex/graph
ics-def/pdftex.def
File: pdftex.def 2022/09/22 v1.2b Graphics/color driver for pdftex
))
\Gin@req@height=\dimen158
\Gin@req@width=\dimen159
)
(/Users/yurig/Library/Application Support/MiKTeX/texmfs/install/tex/generic/bab
el/babel.sty
Package: babel 2023/02/13 3.86 The Babel package
\babel@savecnt=\count292
\U@D=\dimen160
\l@unhyphenated=\language79

(/Users/yurig/Library/Application Support/MiKTeX/texmfs/install/tex/generic/bab
el/txtbabel.def)
\bbl@readstream=\read2
\bbl@dirlevel=\count293

*************************************
* Local config file bblopts.cfg used
*

(/Users/yurig/Library/Application Support/MiKTeX/texmfs/install/tex/latex/arabi
/bblopts.cfg
File: bblopts.cfg 2005/09/08 v0.1 add Arabic and Farsi to "declared" options of
 babel
)
(/Users/yurig/Library/Application Support/MiKTeX/texmfs/install/tex/latex/babel
-english/english.ldf
Language: english 2017/06/06 v3.3r English support from the babel system
Package babel Info: Hyphen rules for 'canadian' set to \l@english
(babel)             (\language0). Reported on input line 102.
Package babel Info: Hyphen rules for 'australian' set to \l@ukenglish
(babel)             (\language73). Reported on input line 105.
Package babel Info: Hyphen rules for 'newzealand' set to \l@ukenglish
(babel)             (\language73). Reported on input line 108.
))
(/Users/yurig/Library/Application Support/MiKTeX/texmfs/install/tex/generic/bab
el/locale/en/babel-english.tex
Package babel Info: Importing font and identification data for english
(babel)             from babel-en.ini. Reported on input line 11.
)
(/Users/yurig/Library/Application Support/MiKTeX/texmfs/install/tex/latex/toclo
ft/tocloft.sty
Package: tocloft 2017/08/31 v2.3i parameterised ToC, etc., typesetting
Package tocloft Info: The document has chapter divisions on input line 51.
\cftparskip=\skip62
\cftbeforetoctitleskip=\skip63
\cftaftertoctitleskip=\skip64
\cftbeforepartskip=\skip65
\cftpartnumwidth=\skip66
\cftpartindent=\skip67
\cftbeforechapskip=\skip68
\cftchapindent=\skip69
\cftchapnumwidth=\skip70
\cftbeforesecskip=\skip71
\cftsecindent=\skip72
\cftsecnumwidth=\skip73
\cftbeforesubsecskip=\skip74
\cftsubsecindent=\skip75
\cftsubsecnumwidth=\skip76
\cftbeforesubsubsecskip=\skip77
\cftsubsubsecindent=\skip78
\cftsubsubsecnumwidth=\skip79
\cftbeforeparaskip=\skip80
\cftparaindent=\skip81
\cftparanumwidth=\skip82
\cftbeforesubparaskip=\skip83
\cftsubparaindent=\skip84
\cftsubparanumwidth=\skip85
\cftbeforeloftitleskip=\skip86
\cftafterloftitleskip=\skip87
\cftbeforefigskip=\skip88
\cftfigindent=\skip89
\cftfignumwidth=\skip90
\c@lofdepth=\count294
\c@lotdepth=\count295
\cftbeforelottitleskip=\skip91
\cftafterlottitleskip=\skip92
\cftbeforetabskip=\skip93
\cfttabindent=\skip94
\cfttabnumwidth=\skip95
)
(/Users/yurig/Library/Application Support/MiKTeX/texmfs/install/tex/latex/l3bac
kend/l3backend-pdftex.def
File: l3backend-pdftex.def 2023-01-16 L3 backend support: PDF output (pdfTeX)
\l__color_backend_stack_int=\count296
\l__pdf_internal_box=\box52
) (Template.aux)
\openout1 = `Template.aux'.

LaTeX Font Info:    Checking defaults for OML/cmm/m/it on input line 30.
LaTeX Font Info:    ... okay on input line 30.
LaTeX Font Info:    Checking defaults for OMS/cmsy/m/n on input line 30.
LaTeX Font Info:    ... okay on input line 30.
LaTeX Font Info:    Checking defaults for OT1/cmr/m/n on input line 30.
LaTeX Font Info:    ... okay on input line 30.
LaTeX Font Info:    Checking defaults for T1/cmr/m/n on input line 30.
LaTeX Font Info:    ... okay on input line 30.
LaTeX Font Info:    Checking defaults for TS1/cmr/m/n on input line 30.
LaTeX Font Info:    ... okay on input line 30.
LaTeX Font Info:    Checking defaults for OMX/cmex/m/n on input line 30.
LaTeX Font Info:    ... okay on input line 30.
LaTeX Font Info:    Checking defaults for U/cmr/m/n on input line 30.
LaTeX Font Info:    ... okay on input line 30.
LaTeX Font Info:    Checking defaults for PD1/pdf/m/n on input line 30.
LaTeX Font Info:    ... okay on input line 30.
LaTeX Font Info:    Checking defaults for PU/pdf/m/n on input line 30.
LaTeX Font Info:    ... okay on input line 30.

*geometry* driver: auto-detecting
*geometry* detected driver: pdftex
*geometry* verbose mode - [ preamble ] result:
* driver: pdftex
* paper: a4paper
* layout: <same size as paper>
* layoutoffset:(h,v)=(0.0pt,0.0pt)
* modes: 
* h-part:(L,W,R)=(85.35826pt, 426.79135pt, 85.35826pt)
* v-part:(T,H,B)=(85.35826pt, 674.33032pt, 85.35826pt)
* \paperwidth=597.50787pt
* \paperheight=845.04684pt
* \textwidth=426.79135pt
* \textheight=674.33032pt
* \oddsidemargin=13.08827pt
* \evensidemargin=13.08827pt
* \topmargin=-23.91173pt
* \headheight=12.0pt
* \headsep=25.0pt
* \topskip=11.0pt
* \footskip=30.0pt
* \marginparwidth=50.0pt
* \marginparsep=10.0pt
* \columnsep=10.0pt
* \skip\footins=10.0pt plus 4.0pt minus 2.0pt
* \hoffset=0.0pt
* \voffset=0.0pt
* \mag=1000
* \@twocolumnfalse
* \@twosidefalse
* \@mparswitchfalse
* \@reversemarginfalse
* (1in=72.27pt=25.4mm, 1cm=28.453pt)

Package hyperref Info: Link coloring OFF on input line 30.
(Template.out) (Template.out)
\@outlinefile=\write3
\openout3 = `Template.out'.


(/Users/yurig/Library/Application Support/MiKTeX/texmfs/install/tex/context/bas
e/mkii/supp-pdf.mkii
[Loading MPS to PDF converter (version 2006.09.02).]
\scratchcounter=\count297
\scratchdimen=\dimen161
\scratchbox=\box53
\nofMPsegments=\count298
\nofMParguments=\count299
\everyMPshowfont=\toks21
\MPscratchCnt=\count300
\MPscratchDim=\dimen162
\MPnumerator=\count301
\makeMPintoPDFobject=\count302
\everyMPtoPDFconversion=\toks22
)
(/Users/yurig/Library/Application Support/MiKTeX/texmfs/install/tex/latex/epsto
pdf-pkg/epstopdf-base.sty
Package: epstopdf-base 2020-01-24 v2.11 Base part for package epstopdf
Package epstopdf-base Info: Redefining graphics rule for `.eps' on input line 4
85.

(/Users/yurig/Library/Application Support/MiKTeX/texmfs/install/tex/latex/00mik
tex/epstopdf-sys.cfg
File: epstopdf-sys.cfg 2021/03/18 v2.0 Configuration of epstopdf for MiKTeX
))
<USyd.jpg, id=83, 257.46187pt x 89.58469pt>
File: USyd.jpg Graphic file (type jpg)
<use USyd.jpg>
Package pdftex.def Info: USyd.jpg  used on input line 43.
(pdftex.def)             Requested size: 113.81102pt x 39.60054pt.
LaTeX Font Info:    External font `cmex10' loaded for size
(Font)              <12> on input line 54.
LaTeX Font Info:    External font `cmex10' loaded for size
(Font)              <8> on input line 54.
LaTeX Font Info:    External font `cmex10' loaded for size
(Font)              <6> on input line 54.
 [1

{/Users/yurig/Library/Application Support/MiKTeX/texmfs/data/fonts/map/pdftex/p
dftex.map} <./USyd.jpg>] (Template.toc
LaTeX Font Info:    External font `cmex10' loaded for size
(Font)              <10.95> on input line 2.
)
\tf@toc=\write4
\openout4 = `Template.toc'.

 [1] [2]
Underfull \hbox (badness 10000) in paragraph at lines 97--99

 []


Underfull \hbox (badness 10000) in paragraph at lines 100--101

 []


Underfull \hbox (badness 10000) in paragraph at lines 102--103

 []


Underfull \hbox (badness 10000) in paragraph at lines 104--105

 []


Underfull \hbox (badness 10000) in paragraph at lines 107--108

 []


Underfull \hbox (badness 10000) in paragraph at lines 109--110

 []


Underfull \hbox (badness 10000) in paragraph at lines 111--112

 []


Underfull \hbox (badness 10000) in paragraph at lines 113--114

 []


Underfull \hbox (badness 10000) in paragraph at lines 115--116

 []


Underfull \hbox (badness 10000) in paragraph at lines 118--119

 []


Underfull \hbox (badness 10000) in paragraph at lines 120--121

 []


Underfull \hbox (badness 10000) in paragraph at lines 122--123

 []

[3]
Underfull \hbox (badness 10000) in paragraph at lines 124--125

 []


Underfull \hbox (badness 10000) in paragraph at lines 149--150

 []

<fetch.url.content.jpeg, id=135, 1351.0475pt x 1128.215pt>
File: fetch.url.content.jpeg Graphic file (type jpg)
<use fetch.url.content.jpeg>
Package pdftex.def Info: fetch.url.content.jpeg  used on input line 151.
(pdftex.def)             Requested size: 426.79135pt x 356.38808pt.

Overfull \hbox (17.0pt too wide) in paragraph at lines 151--152
[][] 
 []


Underfull \hbox (badness 10000) in paragraph at lines 151--152

 []

[4]
Underfull \hbox (badness 10000) in paragraph at lines 153--154

 []


Underfull \hbox (badness 10000) in paragraph at lines 155--156

 []


Underfull \hbox (badness 10000) in paragraph at lines 157--158

 []

<types and operators.jpeg, id=140, 1401.235pt x 1465.475pt>
File: types and operators.jpeg Graphic file (type jpg)
<use types and operators.jpeg>
Package pdftex.def Info: types and operators.jpeg  used on input line 159.
(pdftex.def)             Requested size: 426.79135pt x 446.3543pt.

Overfull \hbox (17.0pt too wide) in paragraph at lines 159--160
[][] 
 []


Underfull \hbox (badness 10000) in paragraph at lines 159--160

 []

[5 <./fetch.url.content.jpeg>]
Underfull \hbox (badness 10000) in paragraph at lines 161--162

 []

<pointers, string manipulation.jpeg, id=145, 1369.115pt x 839.135pt>
File: pointers, string manipulation.jpeg Graphic file (type jpg)
<use pointers, string manipulation.jpeg>
Package pdftex.def Info: pointers, string manipulation.jpeg  used on input line
 163.
(pdftex.def)             Requested size: 426.79135pt x 261.57602pt.

Overfull \hbox (17.0pt too wide) in paragraph at lines 163--164
[][] 
 []


Underfull \hbox (badness 10000) in paragraph at lines 163--164

 []

[6 <./types and operators.jpeg>]
Underfull \hbox (badness 10000) in paragraph at lines 165--166

 []

[7 <./pointers, string manipulation.jpeg>]
Underfull \hbox (badness 10000) in paragraph at lines 177--178

 []


Underfull \hbox (badness 10000) in paragraph at lines 179--180

 []


Underfull \hbox (badness 10000) in paragraph at lines 185--186

 []


Underfull \hbox (badness 10000) in paragraph at lines 187--188

 []


Underfull \hbox (badness 10000) in paragraph at lines 189--190

 []


Underfull \hbox (badness 10000) in paragraph at lines 191--192

 []

<guessing.game.jpeg, id=155, 1399.2275pt x 927.465pt>
File: guessing.game.jpeg Graphic file (type jpg)
<use guessing.game.jpeg>
Package pdftex.def Info: guessing.game.jpeg  used on input line 193.
(pdftex.def)             Requested size: 426.79135pt x 282.88348pt.

Overfull \hbox (17.0pt too wide) in paragraph at lines 193--194
[][] 
 []


Underfull \hbox (badness 10000) in paragraph at lines 193--194

 []

[8]
Underfull \hbox (badness 10000) in paragraph at lines 195--196

 []


Underfull \hbox (badness 10000) in paragraph at lines 197--199

 []

[9 <./guessing.game.jpeg>]
Underfull \hbox (badness 10000) in paragraph at lines 210--211

 []


Underfull \hbox (badness 10000) in paragraph at lines 212--213

 []


Underfull \hbox (badness 10000) in paragraph at lines 215--216

 []


Underfull \hbox (badness 10000) in paragraph at lines 217--218

 []


Underfull \hbox (badness 10000) in paragraph at lines 220--221

 []


Underfull \hbox (badness 10000) in paragraph at lines 222--223

 []


Underfull \hbox (badness 10000) in paragraph at lines 225--226

 []


Underfull \hbox (badness 10000) in paragraph at lines 227--228

 []


Underfull \hbox (badness 10000) in paragraph at lines 230--231

 []


Underfull \hbox (badness 10000) in paragraph at lines 232--233

 []

[10] [11] [12] (Template.bbl) [13

] (Template.aux)
Package rerunfilecheck Info: File `Template.out' has not changed.
(rerunfilecheck)             Checksum: D6558721B591636046E4E4FC48DC4384;3293.
 ) 
Here is how much of TeX's memory you used:
 11086 strings out of 476344
 184523 string characters out of 5779697
 1859346 words of memory out of 5000000
 31320 multiletter control sequences out of 15000+600000
 526128 words of font info for 58 fonts, out of 8000000 for 9000
 1141 hyphenation exceptions out of 8191
 75i,8n,76p,527b,515s stack positions out of 10000i,1000n,20000p,200000b,200000s
 </Users/yurig/Library/Application Support/MiKTeX/texmfs/data/fonts/pk/ljfour
/jknappen/ec/dpi657/ecti1000.pk> </Users/yurig/Library/Application Support/MiKT
eX/texmfs/data/fonts/pk/ljfour/jknappen/ec/dpi650/ecbx1200.pk> </Users/yurig/Li
brary/Application Support/MiKTeX/texmfs/data/fonts/pk/ljfour/jknappen/ec/dpi657
/tcrm1000.pk> </Users/yurig/Library/Application Support/MiKTeX/texmfs/data/font
s/pk/ljfour/jknappen/ec/dpi600/ecrm0800.pk> </Users/yurig/Library/Application S
upport/MiKTeX/texmfs/data/fonts/pk/ljfour/jknappen/ec/dpi750/ecbx1200.pk> </Use
rs/yurig/Library/Application Support/MiKTeX/texmfs/data/fonts/pk/ljfour/jknappe
n/ec/dpi657/ecrm1000.pk> </Users/yurig/Library/Application Support/MiKTeX/texmf
s/data/fonts/pk/ljfour/jknappen/ec/dpi1244/ecbx1200.pk> </Users/yurig/Library/A
pplication Support/MiKTeX/texmfs/data/fonts/pk/ljfour/jknappen/ec/dpi600/ecti12
00.pk> </Users/yurig/Library/Application Support/MiKTeX/texmfs/data/fonts/pk/lj
four/jknappen/ec/dpi600/ecrm1200.pk> </Users/yurig/Library/Application Support/
MiKTeX/texmfs/data/fonts/pk/ljfour/jknappen/ec/dpi600/ecbx1200.pk> </Users/yuri
g/Library/Application Support/MiKTeX/texmfs/data/fonts/pk/ljfour/jknappen/ec/dp
i657/ecbx1000.pk> </Users/yurig/Library/Application Support/MiKTeX/texmfs/data/
fonts/pk/ljfour/jknappen/ec/dpi1037/ecbx1200.pk>
Output written on Template.pdf (14 pages, 864191 bytes).
PDF statistics:
 565 PDF objects out of 1000 (max. 8388607)
 37 named destinations out of 1000 (max. 500000)
 186 words of extra memory for PDF output out of 10000 (max. 10000000)

